<?xml version="1.0" encoding="UTF-8"?>
<testng-results skipped="0" failed="0" ignored="0" total="1" passed="1">
  <reporter-output>
  </reporter-output>
  <suite name="Default suite" duration-ms="50" started-at="2020-09-08T14:44:50 IST" finished-at="2020-09-08T14:44:50 IST">
    <groups>
    </groups>
    <test name="Default test" duration-ms="50" started-at="2020-09-08T14:44:50 IST" finished-at="2020-09-08T14:44:50 IST">
      <class name="practice_programs.MoveZerosToEnd">
        <test-method status="PASS" signature="testMethod1()[pri:0, instance:practice_programs.MoveZerosToEnd@307f6b8c]" name="testMethod1" duration-ms="11" started-at="2020-09-08T14:44:50 IST" finished-at="2020-09-08T14:44:50 IST">
          <reporter-output>
          </reporter-output>
        </test-method> <!-- testMethod1 -->
      </class> <!-- practice_programs.MoveZerosToEnd -->
    </test> <!-- Default test -->
  </suite> <!-- Default suite -->
</testng-results>
