<?xml version="1.0" encoding="UTF-8"?>
<!-- Generated by org.testng.reporters.JUnitXMLReporter -->
<testsuite hostname="CHE1-CND7504CZD" ignored="0" name="Default test" tests="2" failures="0" timestamp="2020-09-14T18:18:43 IST" time="0.044" errors="0">
  <testcase name="testMethod1" time="0.009" classname="practice_programs.CharArrayFindDuplicateCharInArray"/>
  <testcase name="testMethod2" time="0.001" classname="practice_programs.CharArrayFindDuplicateCharInArray"/>
</testsuite> <!-- Default test -->
